{
  "schema": "alert2ir.splunk-searchability-timing.v1",
  "recorded_at_utc": "2026-08-18T16:21:07Z",
  "phase": "5B",
  "status": "ready_to_resume_phase_5",
  "repository": {
    "commit": "6a082e47ca30dea2c0bfa5a4fdbf424f86f78eab",
    "branch": "main",
    "worktree_clean": false,
    "deployment_source": "uncommitted Phase 1-4 worktree",
    "prior_phase_5_artifact_preserved": "validation/integration/splunk-alert2ir-live-2026-08-18.json",
    "prior_phase_5a_artifact_preserved": "validation/integration/splunk-ingestion-gap-2026-08-18.json"
  },
  "safety_state": {
    "high_validation_saved_search_enabled_during_phase_5b": false,
    "high_validation_marker_executed_during_phase_5b": false,
    "diagnostic_saved_searches_had_alert_actions": false,
    "splunk_adapter_health": "healthy",
    "canonical_api_host_binding": "127.0.0.1:8000",
    "velociraptor_pslist_flow_count_before": 3,
    "velociraptor_pslist_flow_count_after": 3
  },
  "historical_trace": {
    "computer": "win11-02",
    "event_code": 1,
    "record_id": 1846433,
    "time_utc": "2026-08-18T12:11:41.6463751Z",
    "splunk_time_utc": "2026-08-18T12:11:41.646000Z",
    "splunk_indextime_utc": "2026-08-18T12:11:42Z",
    "host": "win11-02",
    "source": "XmlWinEventLog:Microsoft-Windows-Sysmon/Operational",
    "sourcetype": "XmlWinEventLog",
    "index": "main",
    "current_match_count_across_plausible_indexes": 1
  },
  "effective_validation_saved_search": {
    "observation": "directly_observed_with_btool_debug_after_correction",
    "portable_configuration_provenance": "/opt/splunk/etc/apps/alert2ir_delivery/default/savedsearches.conf",
    "runtime_guard_provenance": "/opt/splunk/etc/apps/alert2ir_delivery/local/savedsearches.conf",
    "disabled": true,
    "enable_sched": 0,
    "cron_schedule": "* * * * *",
    "dispatch_earliest_time": "-2m@m",
    "dispatch_latest_time": "-1m@m",
    "alert_digest_mode": false,
    "count_type": "number of events",
    "relation": "greater than",
    "quantity": 0,
    "alert_type_comparator_threshold_fields": "not present; this Splunk configuration uses counttype/relation/quantity",
    "action_alert2ir_delivery": 1,
    "search_prefix": "index=main"
  },
  "historical_scheduled_job": {
    "observation": "directly_observed_in_scheduler_and_audit_logs",
    "sid": "scheduler__nobody_YWxlcnQyaXJfZGVsaXZlcnk__RMD56360d5d0cdafd984_at_1787055180_3",
    "scheduled_time_utc": "2026-08-18T12:13:00Z",
    "dispatch_time_utc": "2026-08-18T12:13:00Z",
    "completion_log_time_utc": "2026-08-18T12:13:01.211Z",
    "scheduler_delay_seconds": 0,
    "run_time_seconds": 0.204,
    "absolute_earliest_utc": "2026-08-18T12:11:00Z",
    "absolute_latest_utc": "2026-08-18T12:12:00Z",
    "event_inside_effective_range": true,
    "status": "success",
    "fully_completed": true,
    "event_count": 0,
    "result_count": 0,
    "scan_count": 0,
    "considered_events": 0,
    "searched_buckets": 1,
    "warnings_or_errors": false,
    "alert_actions_executed": [],
    "executed_search_prefix": "search search index=main",
    "effective_predicate": "source=XmlWinEventLog:Microsoft-Windows-Sysmon/Operational, sourcetype=XmlWinEventLog, EventCode=1, Image ends with cmd.exe, CommandLine contains Alert2IR-INVESTIGATE-",
    "conclusion": "the absolute window included the trace, but the executed search contained a redundant second search token"
  },
  "later_exact_diagnostic": {
    "observation": "directly_observed_in_audit_log",
    "dispatch_time_utc": "2026-08-18T12:43:00Z",
    "absolute_earliest_utc": "2026-08-18T10:43:00Z",
    "absolute_latest_utc": "2026-08-18T14:43:00Z",
    "status": "success",
    "result_count": 0,
    "scan_count": 0,
    "warnings_or_errors": false,
    "executed_search_prefix": "search search index=main",
    "conclusion": "the diagnostic repeated the same saved-search syntax defect; its zero result is not evidence of delayed event visibility"
  },
  "phase_5a_positive_search_explanation": {
    "at_utc": "2026-08-18T13:07Z",
    "outer_search_had_redundant_search_token": true,
    "outer_raw_record_id_probe_count": 0,
    "appended_field_record_id_probe_count": 1,
    "appended_marker_probe_count": 1,
    "conclusion": "the positive results came from correctly formed appended subsearches, not from a change in event visibility proven at 13:07"
  },
  "root_cause": {
    "confidence": "CONFIRMED",
    "failure": "the Git-tracked saved-search value began with 'search index=main'; Splunk prepended its own generating search command and executed 'search search index=main'",
    "effect": "the second 'search' was treated as a required raw search term, so otherwise matching events were excluded before scanning",
    "evidence": [
      "the historical audit record contains the exact 'search search index=main' execution",
      "the 12:43 diagnostic audit record contains the same redundant prefix",
      "correctly formed appended probes found RecordID 1846433",
      "removing only the redundant stored command made the unchanged Sigma-derived predicate return the trace over the same absolute interval"
    ],
    "failure_boundary": "Splunk saved-search command composition",
    "not_caused_by": [
      "scheduled time range",
      "wrong index, host, source, or sourcetype",
      "Image or CommandLine field extraction",
      "Alert2IR adapter delivery",
      "Alert2IR canonicalization or policy"
    ]
  },
  "absolute_time_reproduction_after_fix": {
    "observation": "directly_observed",
    "absolute_earliest_utc": "2026-08-18T12:11:00Z",
    "absolute_latest_utc": "2026-08-18T12:12:00Z",
    "full_sigma_derived_predicate_count": 1,
    "full_predicate_and_record_id_count": 1,
    "index_and_record_id_count": 1,
    "host_and_record_id_count": 1,
    "source_sourcetype_and_record_id_count": 1,
    "marker_uuid_count": 1,
    "event_code_computer_and_record_id_count": 1,
    "search_result_time_utc": "2026-08-18T12:11:41.646000Z",
    "search_result_indextime_utc": "2026-08-18T12:11:42Z"
  },
  "field_extraction": {
    "observation": "directly_observed",
    "record_id_1846433_present": true,
    "event_code_present": true,
    "computer_present": true,
    "image_present": true,
    "command_line_present": true,
    "image_predicate_count": 1,
    "command_line_predicate_count": 1,
    "pipeline_search_full_predicate_count": 1,
    "pipeline_where_full_predicate_count": 1,
    "contributed_to_historical_miss": false
  },
  "indextime_conclusion": {
    "confidence": "CONFIRMED",
    "reported_value": "2026-08-18T12:11:42Z",
    "meaning_in_this_incident": "Splunk reports second-granularity index-time metadata consistent with the event's ingestion",
    "what_it_did_not_prove": "it did not validate the correctness of the later search command or establish an independently observed first-query-visible instant",
    "reconciliation": "the apparent 12:11-to-13:07 visibility delay was created by malformed outer saved searches; surviving evidence does not establish a delayed bucket/search visibility event"
  },
  "benign_latency_trials": [
    {
      "trial": 1,
      "token_uuid": "f76c0dd2-fd21-44ad-af8e-1c4e8916f7aa",
      "computer": "win11-02",
      "event_code": 1,
      "record_id": 1865542,
      "source_time_utc": "2026-08-18T16:11:43.1031714Z",
      "reported_indextime_utc": "2026-08-18T16:11:44Z",
      "first_successful_broad_job_completion_utc": "2026-08-18T16:12:03.667Z",
      "observed_query_visible_latency_seconds_upper_bound": 20.564,
      "current_window_scheduled_utc": "2026-08-18T16:13:00Z",
      "current_window_dispatch_utc": "2026-08-18T16:13:02Z",
      "current_window_earliest_utc": "2026-08-18T16:11:00Z",
      "current_window_latest_utc": "2026-08-18T16:12:00Z",
      "current_window_result_count": 1,
      "overlap_window_captured": true
    },
    {
      "trial": 2,
      "token_uuid": "21ae1108-d3df-4cdd-be79-d7934775b542",
      "computer": "win11-02",
      "event_code": 1,
      "record_id": 1865661,
      "source_time_utc": "2026-08-18T16:12:31.7559640Z",
      "reported_indextime_utc": "2026-08-18T16:12:32Z",
      "first_successful_broad_job_completion_utc": "2026-08-18T16:13:05.785Z",
      "observed_query_visible_latency_seconds_upper_bound": 34.029,
      "current_window_scheduled_utc": "2026-08-18T16:14:00Z",
      "current_window_dispatch_utc": "2026-08-18T16:14:03Z",
      "current_window_earliest_utc": "2026-08-18T16:12:00Z",
      "current_window_latest_utc": "2026-08-18T16:13:00Z",
      "current_window_result_count": 1,
      "overlap_window_captured": true
    },
    {
      "trial": 3,
      "token_uuid": "99013ec4-56ef-41a4-b766-45d26b4a7ffc",
      "computer": "win11-02",
      "event_code": 1,
      "record_id": 1865789,
      "source_time_utc": "2026-08-18T16:13:28.0697693Z",
      "reported_indextime_utc": "2026-08-18T16:13:28Z",
      "first_successful_broad_job_completion_utc": "2026-08-18T16:14:02.878Z",
      "observed_query_visible_latency_seconds_upper_bound": 34.808,
      "current_window_scheduled_utc": "2026-08-18T16:15:00Z",
      "current_window_dispatch_utc": "2026-08-18T16:15:02Z",
      "current_window_earliest_utc": "2026-08-18T16:13:00Z",
      "current_window_latest_utc": "2026-08-18T16:14:00Z",
      "current_window_result_count": 1,
      "overlap_window_captured": true
    }
  ],
  "latency_summary": {
    "trial_count": 3,
    "minimum_seconds_upper_bound": 20.564,
    "median_seconds_upper_bound": 34.029,
    "maximum_seconds_upper_bound": 34.808,
    "measurement_resolution": "first successful action-free scheduled broad query; values are conservative upper bounds",
    "splunk_indextime_resolution": "one second; it may round below a fractional source timestamp"
  },
  "scheduled_diagnostics": {
    "observation": "directly_observed",
    "action_free": true,
    "exact_record_id_probe": {
      "record_ids": [
        1865542,
        1865661,
        1865789
      ],
      "result_count": 3,
      "each_expected_record_id_returned": true
    },
    "current_window": {
      "cron": "* * * * *",
      "earliest": "-2m@m",
      "latest": "-1m@m",
      "trials_captured": 3,
      "trials_missed": 0,
      "per_trial_scan_count": 1,
      "per_trial_result_count": 1,
      "scheduler_delay_seconds_range": [
        2,
        3
      ],
      "run_time_seconds_range": [
        0.728,
        1.021
      ],
      "warnings_or_errors": false
    },
    "overlap_comparison": {
      "earliest": "-5m@m",
      "latest": "-1m@m",
      "captured_all_trials": true,
      "rediscovered_earlier_trials": true,
      "adopted_for_production": false
    },
    "temporary_app_removed_from_active_splunk_app_path": true,
    "temporary_app_recoverable_location": "/opt/splunk/etc/disabled-apps/alert2ir_phase5b_diagnostics-20260818"
  },
  "current_window_verdict": {
    "verdict": "CURRENT WINDOW RELIABLE",
    "scope": "the corrected query and bounded three-trial owned-lab sample",
    "reason": "all three ordinary EventCode 1 events became searchable within 34.808 seconds and all three were captured by their one eligible -2m@m to -1m@m run",
    "earliest_changed": false,
    "latest_changed": false,
    "recommended_earliest": "-2m@m",
    "recommended_latest": "-1m@m",
    "caveat": "the sample is deliberately small and does not establish a production latency SLO"
  },
  "saved_search_correction": {
    "ownership": "repository-owned Splunk app default configuration",
    "before": "search = search index=main ...",
    "after": "search = index=main ...",
    "sigma_predicate_changed": false,
    "rule_identity_or_level_changed": false,
    "schedule_or_window_changed": false,
    "live_file_updated": "/opt/splunk/etc/apps/alert2ir_delivery/default/savedsearches.conf",
    "splunk_restart_performed": true,
    "effective_live_disabled": true,
    "effective_live_enable_sched": 0,
    "effective_live_earliest": "-2m@m",
    "effective_live_latest": "-1m@m",
    "effective_live_search_prefix": "index=main"
  },
  "duplicate_and_idempotency": {
    "overlapping_window_adopted": false,
    "diagnostic_overlap_rediscovered_same_events": true,
    "architectural_conclusion": "if overlap is adopted later, repeated rows retain the reviewed rule UUID plus identical host, channel, EventCode, RecordID, and event timestamp, so Phase 1 derives the same logical finding identity and Idempotency-Key",
    "exactly_once_claim": false,
    "sender_side_deduplication_added": false
  },
  "repository_changes": [
    "integrations/splunk/alert2ir_delivery/default/savedsearches.conf",
    "tests/test_splunk_alert_action.py",
    "tests/test_sigma_toolchain_contract.py",
    "validation/integration/splunk-searchability-timing-2026-08-18.json"
  ],
  "alert2ir_semantic_changes": [],
  "verification": {
    "focused_tests": {
      "command": "PYTHONDONTWRITEBYTECODE=1 PYTHONPATH=src .venv/bin/python -m unittest -v tests.test_splunk_alert_action tests.test_splunk_adapter_deployment tests.test_sigma_detection_contract tests.test_sigma_toolchain_contract",
      "tests_run": 52,
      "failures": 0,
      "skipped": 2,
      "skip_reason": "dedicated Sigma environment unavailable"
    },
    "ordinary_suite": {
      "command": "PYTHONDONTWRITEBYTECODE=1 PYTHONPATH=src .venv/bin/python -m unittest discover -v",
      "tests_run": 443,
      "failures": 0,
      "skipped": 11,
      "skip_reasons": {
        "PostgreSQL test database not configured": 9,
        "dedicated Sigma environment unavailable": 2
      }
    },
    "final_saved_search_contract": {
      "command": "PYTHONDONTWRITEBYTECODE=1 PYTHONPATH=src .venv/bin/python -m unittest -v tests.test_splunk_alert_action.SplunkAppConfigurationTests",
      "tests_run": 5,
      "failures": 0,
      "skipped": 0
    },
    "json_validation": "passed",
    "git_diff_check": "passed"
  },
  "open_issues": {
    "historical_visibility_anomaly": "resolved as a malformed-search observation; the exact original first-query-visible instant cannot be reconstructed",
    "use_ack": "false remains a separate forwarding-reliability consideration and was not changed",
    "firewall_persistence": "the active DOCKER-USER boundary remains non-persistent across ir-core reboot and is tracked separately",
    "remaining_current_scheduler_or_search_issue": "none observed after correction"
  },
  "phase_5_resume": {
    "recommendation": "READY TO RESUME PHASE 5",
    "requirements_satisfied": [
      "benign EventCode 1 telemetry reaches Splunk",
      "exact RecordIDs are searchable",
      "query-visible latency was bounded in three trials",
      "action-free scheduled diagnostics captured all three events",
      "effective production saved-search query and time window were verified",
      "the high validation search remains disabled",
      "the canonical API remains loopback-only"
    ],
    "next_marker_requirement": "use one new unique validation marker; RecordID 1846433 remains forensic evidence only"
  }
}
