{
  "schema": "alert2ir.splunk-live-acceptance-resumed.v1",
  "verdict": "PARTIAL",
  "recorded_at_utc": "2026-08-18T16:48:58Z",
  "repository": {
    "commit": "6a082e47ca30dea2c0bfa5a4fdbf424f86f78eab",
    "branch": "main",
    "worktree_clean": false,
    "deployment_source": "uncommitted Phase 1-5B worktree",
    "diff_check": "passed",
    "preserved_prior_evidence": [
      "validation/integration/splunk-alert2ir-live-2026-08-18.json",
      "validation/integration/splunk-ingestion-gap-2026-08-18.json",
      "validation/integration/splunk-searchability-timing-2026-08-18.json"
    ]
  },
  "authorization_usage": {
    "authorized_new_validation_markers": 1,
    "markers_executed": 1,
    "additional_marker_executed_for_replay": false,
    "acceptance_stopped_after_marker_exposed_blocking_defect": true
  },
  "regression_gate": {
    "pre_live_focused": {
      "tests_run": 116,
      "failures": 0,
      "skipped": 2,
      "skip_reason": "dedicated_sigma_environment_unavailable",
      "status": "passed_with_environment_gated_skips"
    },
    "post_defect_focused": {
      "tests_run": 117,
      "failures": 0,
      "skipped": 2,
      "skip_reason": "dedicated_sigma_environment_unavailable",
      "status": "passed_with_environment_gated_skips"
    },
    "post_defect_ordinary_suite": {
      "tests_run": 444,
      "failures": 0,
      "skipped": 11,
      "skip_reasons": {
        "postgresql_test_database_not_configured": 9,
        "dedicated_sigma_environment_unavailable": 2
      },
      "status": "passed_with_environment_gated_skips"
    }
  },
  "live_preflight": {
    "observation": "directly_observed",
    "splunk_adapter": "healthy",
    "adapter_health_status": 200,
    "canonical_api_host_binding": "127.0.0.1:8000",
    "adapter_host_binding": "192.168.56.63:8091",
    "splunk_to_adapter_8091": "reachable",
    "unauthorized_dev01_to_adapter_8091": "blocked_timeout",
    "splunk_to_canonical_8000": "blocked_timeout",
    "firewall_rule": "192.168.56.61 -> 192.168.56.63:8091/tcp allow, other host-only sources drop",
    "sender_secret": {
      "exists": true,
      "service_readable": true,
      "owner": "splunk:splunk",
      "mode": "0400",
      "size_bytes": 65,
      "material_recorded": false
    },
    "adapter_secret": {
      "exists": true,
      "container_readable": true,
      "mode": "0400",
      "size_bytes": 65,
      "material_recorded": false
    },
    "clocks_within_hmac_window": true,
    "velociraptor_target_hostname": "win11-02",
    "velociraptor_target_present": true,
    "pslist_flow_count_before": 3,
    "pslist_flow_states_before": [
      "FINISHED",
      "FINISHED",
      "FINISHED"
    ]
  },
  "effective_validation_saved_search_before_enable": {
    "observation": "directly_observed_with_btool_debug",
    "disabled": true,
    "enable_sched": 0,
    "cron_schedule": "* * * * *",
    "dispatch_earliest_time": "-2m@m",
    "dispatch_latest_time": "-1m@m",
    "alert_digest_mode": false,
    "action_alert2ir_delivery": 1,
    "search_starts_with": "index=main",
    "redundant_generating_search_prefix_present": false,
    "projected_fields": [
      "_time",
      "Computer",
      "host",
      "source",
      "sourcetype",
      "EventCode",
      "RecordID",
      "ProcessGuid",
      "Image",
      "ParentImage",
      "TargetFilename"
    ],
    "reviewed_metadata": {
      "rule_id": "ad3f9191-7d59-4b6f-8442-e99df9d74c1d",
      "rule_title": "Alert2IR Investigation Delivery Validation Marker",
      "sigma_level": "high",
      "channel": "Microsoft-Windows-Sysmon/Operational"
    }
  },
  "validation_execution": {
    "saved_search_enabled_at_utc": "2026-08-18T16:39:13.291Z",
    "marker_uuid": "8b6d9533-b19e-4367-b609-95cb97839d84",
    "operator_start_utc": "2026-08-18T16:41:50.308162028Z",
    "operator_finish_utc": "2026-08-18T16:41:51.039831686Z",
    "wrapper": {
      "method": "previously validated encoded PowerShell launcher with runtime marker reconstruction",
      "outer_wrapper_contains_literal_marker": false,
      "decoded_launcher_contains_literal_marker": false,
      "intended_inner_cmd_exit_code": 0
    },
    "source_event": {
      "observation": "directly_observed_in_sysmon",
      "eligible_marker_bearing_event_count": 1,
      "computer": "win11-02",
      "channel": "Microsoft-Windows-Sysmon/Operational",
      "event_code": 1,
      "record_id": 1867636,
      "detected_at_utc": "2026-08-18T16:41:50.9629361Z",
      "image": "C:\\Windows\\System32\\cmd.exe",
      "process_guid": "{9c88b3b9-8b4e-6a84-4708-010000000d00}"
    }
  },
  "splunk_detection": {
    "observation": "directly_observed",
    "index": "main",
    "source": "XmlWinEventLog:Microsoft-Windows-Sysmon/Operational",
    "sourcetype": "XmlWinEventLog",
    "host": "win11-02",
    "record_id": 1867636,
    "scheduled_job": {
      "sid": "scheduler__nobody_YWxlcnQyaXJfZGVsaXZlcnk__RMD56360d5d0cdafd984_at_1787071380_3",
      "scheduled_utc": "2026-08-18T16:43:00Z",
      "dispatch_utc": "2026-08-18T16:43:00Z",
      "scheduler_delay_seconds": 0,
      "effective_earliest_utc": "2026-08-18T16:41:00Z",
      "effective_latest_utc": "2026-08-18T16:42:00Z",
      "status": "success",
      "fully_completed": true,
      "run_time_seconds": 0.196,
      "audit_total_run_time_seconds": 0.21,
      "result_count": 1,
      "event_count": 1,
      "scan_count": 1,
      "considered_events": 1,
      "searched_buckets": 1,
      "fired": 1,
      "warnings_or_errors": false
    },
    "result_row": {
      "row_count": 1,
      "time_epoch": "1787071310.962",
      "computer": "win11-02",
      "event_code": "1",
      "record_id": "1867636",
      "image": "C:\\Windows\\System32\\cmd.exe"
    }
  },
  "custom_action_failure": {
    "observation": "directly_observed",
    "custom_action_invocations": 1,
    "custom_action_exit_code": 1,
    "safe_error_category": "ActionInputError",
    "sender_http_attempts": 0,
    "adapter_post_requests": 0,
    "new_alert2ir_processing_records": 0,
    "result_file_rows": 1,
    "result_file_columns": [
      "_time",
      "Computer",
      "host",
      "source",
      "sourcetype",
      "EventCode",
      "RecordID",
      "ProcessGuid",
      "Image",
      "ParentImage",
      "TargetFilename",
      "__mv__time",
      "__mv_Computer",
      "__mv_host",
      "__mv_source",
      "__mv_sourcetype",
      "__mv_EventCode",
      "__mv_RecordID",
      "__mv_ProcessGuid",
      "__mv_Image",
      "__mv_ParentImage",
      "__mv_TargetFilename"
    ],
    "acceptance_stop_boundary": "Splunk per-result CSV -> standalone alert action parser"
  },
  "downstream": {
    "authenticated_adapter_delivery_observed": false,
    "canonical_alert_observed": false,
    "source_alert_id_observed": false,
    "processing_id": null,
    "decision_observed": false,
    "investigation_submitted": false,
    "pslist_flow_count_after": 3,
    "pslist_flow_states_after": [
      "FINISHED",
      "FINISHED",
      "FINISHED"
    ],
    "additional_pslist_flows": 0
  },
  "replay": {
    "status": "not_run",
    "reason": "the initial custom action failed before delivery, so no successful Alert2IR finding existed to replay",
    "new_endpoint_event_generated": false,
    "same_finding_identity_observed": false,
    "same_idempotency_key_observed": false,
    "same_processing_id_observed": false,
    "idempotency_replayed_observed": false,
    "additional_pslist_flows": 0
  },
  "defect": {
    "classification": "implementation",
    "confidence": "CONFIRMED",
    "symptom": "Splunk matched exactly one result and invoked the custom action, which exited with ActionInputError before any HTTP attempt",
    "root_cause": "forceCsvResults=true appended one __mv_ companion column for every projected field, while the bounded parser accepted only the projected columns",
    "architecture_changed": false,
    "fix": "accept exactly the reviewed projected columns alone or followed by their exact __mv_ companions, and discard only those companions",
    "regression_test": "test_splunk_multivalue_companion_columns_are_dropped",
    "changed_files": [
      "integrations/splunk/alert2ir_delivery/bin/alert2ir_delivery.py",
      "tests/test_splunk_alert_action.py"
    ],
    "deployed_sender_sha256": "240f3423ec1b766ccd8ffe0c29651355fa36bc06a244ab83f3197b1ca38302a5",
    "live_owner_mode": "splunk:splunk 0755",
    "embedded_python_compile_check": "passed",
    "live_failed_artifact_parse_check": {
      "status": "passed_without_delivery",
      "parsed_field_count": 11,
      "host": "win11-02",
      "event_code": "1",
      "record_id": "1867636"
    },
    "another_marker_required_to_complete_acceptance": true,
    "another_marker_executed": false
  },
  "final_lab_state": {
    "adapter": "deployed_healthy",
    "firewall": "active_runtime_not_persistent",
    "splunk_app": "installed_with_parser_fix",
    "hmac_secrets": "installed_protected",
    "canonical_api": "loopback_only_127.0.0.1:8000",
    "validation_saved_search": "disabled",
    "validation_enable_sched": 0,
    "phase_5b_diagnostic_search_active": false,
    "velociraptor_pslist_flow_count": 3
  }
}
